-e 
System startup at Thu Jun 26 02:14:27 UTC 2014

[    7.863419] sd 3:0:0:0: [sdb] Mode Sense: 23 00 00 00
[    7.864218] sd 3:0:0:0: [sdb] No Caching mode page found
[    7.865666] sd 3:0:0:0: [sdb] Assuming drive cache: write through
[    7.873291] sd 3:0:0:0: [sdb] No Caching mode page found
[    7.876154] sd 3:0:0:0: [sdb] Assuming drive cache: write through
[    7.882797]  sdb: sdb1
[    7.885186] sd 3:0:0:0: [sdb] No Caching mode page found
[    7.887611] sd 3:0:0:0: [sdb] Assuming drive cache: write through
[    7.893696] sd 3:0:0:0: [sdb] Attached SCSI disk
[    9.147312] init: failsafe main process (1763) killed by TERM signal
Startup: initializing system...
Sys init: SSDs recognized by kernel, will now mount
Sys init: mounting SSDs...
umount: /dev/sda1: not mounted
umount: /dev/sdb1: not mounted
Sys init: initializing GoQat SEDI camera...
SEDI: killing any existing GoQat processes...
SEDI: starting fresh GoQat instance
Resetting ~/latestData
rm: cannot remove '/home/linaro/latestData/*.jpg': No such file or directory
rm: cannot remove '/home/linaro/latestData/*.tar.bz2': No such file or directory
Startup: system initialization complete
Startup: beginning sanity checks
Startup: ERR: Not enough sun cameras (counted 0)
Startup: notice: ssd_0 is mounted, sun_camera directory exists
Startup: notice: SSD write capability functioning normally
Startup: end of sanity checks
Xlib:  extension "RANDR" missing on display ":99".
Startup: beginning scientific capture
